[ 2019-03-26T17:18:44+08:00 ] ::1 /calendar/
INFO: [ app_init ] --START--
INFO: Run Behavior\BuildLiteBehavior [ RunTime:0.000008s ]
INFO: [ app_init ] --END-- [ RunTime:0.000787s ]
INFO: [ app_begin ] --START--
INFO: Run Behavior\ReadHtmlCacheBehavior [ RunTime:0.000499s ]
INFO: [ app_begin ] --END-- [ RunTime:0.000530s ]
INFO: [ view_parse ] --START--
INFO: [ template_filter ] --START--
INFO: Run Behavior\ContentReplaceBehavior [ RunTime:0.000162s ]
INFO: [ template_filter ] --END-- [ RunTime:0.000187s ]
NOTIC: [8] Undefined index: user_info /Applications/XAMPP/xamppfiles/htdocs/calendar/Application/Runtime/Cache/Home/2a94b8bda04ff446dcedd42276fc99ee.php 第 160 行.
NOTIC: [8] Undefined index: user_info /Applications/XAMPP/xamppfiles/htdocs/calendar/Application/Runtime/Cache/Home/2a94b8bda04ff446dcedd42276fc99ee.php 第 161 行.
NOTIC: [8] Undefined index: user_info /Applications/XAMPP/xamppfiles/htdocs/calendar/Application/Runtime/Cache/Home/2a94b8bda04ff446dcedd42276fc99ee.php 第 162 行.
INFO: Run Behavior\ParseTemplateBehavior [ RunTime:0.016342s ]
INFO: [ view_parse ] --END-- [ RunTime:0.016363s ]
INFO: [ view_filter ] --START--
INFO: Run Behavior\WriteHtmlCacheBehavior [ RunTime:0.001339s ]
INFO: [ view_filter ] --END-- [ RunTime:0.001365s ]
INFO: [ app_end ] --START--
INFO: Run Behavior\ShowPageTraceBehavior [ RunTime:0.000814s ]
INFO: [ app_end ] --END-- [ RunTime:0.000842s ]

